  glad.c
  Camera.cpp
  CameraDemo.cpp
  ComputeShader.cpp
  CubeRobot.cpp
  Frustum.cpp
  GameTimer.cpp
  HeightMap.cpp
C:\Users\b9031287\source\repos\CSC8502 - Final\nclgl\HeightMap.cpp(12,54): warning C4244:  'argument': conversion from 'double' to 'const float', possible loss of data
C:\Users\b9031287\source\repos\CSC8502 - Final\nclgl\HeightMap.cpp(12,31): warning C4244:  'argument': conversion from 'double' to 'const float', possible loss of data
C:\Users\b9031287\source\repos\CSC8502 - Final\nclgl\HeightMap.cpp(30,48): warning C4244:  'argument': conversion from 'int' to 'const float', possible loss of data
C:\Users\b9031287\source\repos\CSC8502 - Final\nclgl\HeightMap.cpp(30,31): warning C4244:  'argument': conversion from 'int' to 'const float', possible loss of data
C:\Users\b9031287\source\repos\CSC8502 - Final\nclgl\HeightMap.cpp(31,39): warning C4244:  'argument': conversion from 'int' to 'const float', possible loss of data
  Keyboard.cpp
  Light.cpp
  Matrix2.cpp
  Matrix3.cpp
  Matrix4.cpp
  Mesh.cpp
  MeshAnimation.cpp
  MeshMaterial.cpp
  Mouse.cpp
  OGLRenderer.cpp
  Plane.cpp
  Quaternion.cpp
  SceneNode.cpp
  Generating Code...
  Compiling...
  Shader.cpp
  Window.cpp
  Generating Code...
C:\Users\b9031287\source\repos\CSC8502 - Final\nclgl\HeightMap.cpp(31,36): warning C4244:  'argument': conversion from 'int' to 'const float', possible loss of data
  nclgl.vcxproj -> C:\Users\b9031287\source\repos\CSC8502 - Final\x64\Debug\nclgl.lib
